<?xml version="1.0" encoding="UTF-8"?>
<!-- Generated by org.testng.reporters.JUnitReportReporter -->
<testsuite skipped="0" hostname="tomek-OptiPlex-790" name="testv6.NewTest" tests="1" failures="0" timestamp="28 lip 2017 12:37:01 GMT" time="0.006" errors="0">
  <testcase name="a" time="0.006" classname="testv6.NewTest"/>
</testsuite> <!-- testv6.NewTest -->
